[0.013s] Invoking command in '/home/daopctn/real_ws/build/articubot_one': CMAKE_PREFIX_PATH=${CMAKE_PREFIX_PATH}:/home/daopctn/turtlebot3_ws/install/turtlebot3_teleop:/home/daopctn/turtlebot3_ws/install/turtlebot3_example:/home/daopctn/ros2_webots_ws/install/webots_ros2:/home/daopctn/ros2_webots_ws/install/webots_ros2_universal_robot:/home/daopctn/ros2_webots_ws/install/webots_ros2_turtlebot:/home/daopctn/ros2_webots_ws/install/webots_ros2_tiago:/home/daopctn/ros2_webots_ws/install/webots_ros2_tests:/home/daopctn/ros2_webots_ws/install/webots_ros2_tesla:/home/daopctn/ros2_webots_ws/install/webots_ros2_mavic:/home/daopctn/ros2_webots_ws/install/webots_ros2_husarion:/home/daopctn/ros2_webots_ws/install/webots_ros2_epuck:/home/daopctn/ros2_webots_ws/install/webots_ros2_crazyflie:/home/daopctn/ros2_webots_ws/install/webots_ros2_importer:/home/daopctn/nav2_ws_1/install/nav2_simple_commander:/home/daopctn/ros2_ws_1/install/kf_hungarian_tracker:/opt/ros/humble /usr/bin/cmake /home/daopctn/real_ws/src/articubot_one-humble -DAMENT_CMAKE_SYMLINK_INSTALL=1 -DCMAKE_INSTALL_PREFIX=/home/daopctn/real_ws/install/articubot_one
[0.027s] -- Found ament_cmake: 1.3.11 (/opt/ros/humble/share/ament_cmake/cmake)
[0.156s] -- Override CMake install command with custom implementation using symlinks instead of copying resources
[0.163s] -- Found ament_lint_auto: 0.12.12 (/opt/ros/humble/share/ament_lint_auto/cmake)
[0.233s] -- Added test 'copyright' to check source files copyright and LICENSE
[0.235s] -- Added test 'flake8' to check Python code syntax and style conventions
[0.236s] -- Added test 'lint_cmake' to check CMake code style
[0.236s] -- Added test 'pep257' to check Python code against some of the docstring style conventions in PEP 257
[0.237s] -- Added test 'xmllint' to check XML markup files
[0.238s] -- Configuring done
[0.240s] -- Generating done
[0.241s] -- Build files have been written to: /home/daopctn/real_ws/build/articubot_one
[0.243s] Invoked command in '/home/daopctn/real_ws/build/articubot_one' returned '0': CMAKE_PREFIX_PATH=${CMAKE_PREFIX_PATH}:/home/daopctn/turtlebot3_ws/install/turtlebot3_teleop:/home/daopctn/turtlebot3_ws/install/turtlebot3_example:/home/daopctn/ros2_webots_ws/install/webots_ros2:/home/daopctn/ros2_webots_ws/install/webots_ros2_universal_robot:/home/daopctn/ros2_webots_ws/install/webots_ros2_turtlebot:/home/daopctn/ros2_webots_ws/install/webots_ros2_tiago:/home/daopctn/ros2_webots_ws/install/webots_ros2_tests:/home/daopctn/ros2_webots_ws/install/webots_ros2_tesla:/home/daopctn/ros2_webots_ws/install/webots_ros2_mavic:/home/daopctn/ros2_webots_ws/install/webots_ros2_husarion:/home/daopctn/ros2_webots_ws/install/webots_ros2_epuck:/home/daopctn/ros2_webots_ws/install/webots_ros2_crazyflie:/home/daopctn/ros2_webots_ws/install/webots_ros2_importer:/home/daopctn/nav2_ws_1/install/nav2_simple_commander:/home/daopctn/ros2_ws_1/install/kf_hungarian_tracker:/opt/ros/humble /usr/bin/cmake /home/daopctn/real_ws/src/articubot_one-humble -DAMENT_CMAKE_SYMLINK_INSTALL=1 -DCMAKE_INSTALL_PREFIX=/home/daopctn/real_ws/install/articubot_one
[0.244s] Invoking command in '/home/daopctn/real_ws/build/articubot_one': CMAKE_PREFIX_PATH=${CMAKE_PREFIX_PATH}:/home/daopctn/turtlebot3_ws/install/turtlebot3_teleop:/home/daopctn/turtlebot3_ws/install/turtlebot3_example:/home/daopctn/ros2_webots_ws/install/webots_ros2:/home/daopctn/ros2_webots_ws/install/webots_ros2_universal_robot:/home/daopctn/ros2_webots_ws/install/webots_ros2_turtlebot:/home/daopctn/ros2_webots_ws/install/webots_ros2_tiago:/home/daopctn/ros2_webots_ws/install/webots_ros2_tests:/home/daopctn/ros2_webots_ws/install/webots_ros2_tesla:/home/daopctn/ros2_webots_ws/install/webots_ros2_mavic:/home/daopctn/ros2_webots_ws/install/webots_ros2_husarion:/home/daopctn/ros2_webots_ws/install/webots_ros2_epuck:/home/daopctn/ros2_webots_ws/install/webots_ros2_crazyflie:/home/daopctn/ros2_webots_ws/install/webots_ros2_importer:/home/daopctn/nav2_ws_1/install/nav2_simple_commander:/home/daopctn/ros2_ws_1/install/kf_hungarian_tracker:/opt/ros/humble /usr/bin/cmake --build /home/daopctn/real_ws/build/articubot_one -- -j12 -l12
[0.287s] Invoked command in '/home/daopctn/real_ws/build/articubot_one' returned '0': CMAKE_PREFIX_PATH=${CMAKE_PREFIX_PATH}:/home/daopctn/turtlebot3_ws/install/turtlebot3_teleop:/home/daopctn/turtlebot3_ws/install/turtlebot3_example:/home/daopctn/ros2_webots_ws/install/webots_ros2:/home/daopctn/ros2_webots_ws/install/webots_ros2_universal_robot:/home/daopctn/ros2_webots_ws/install/webots_ros2_turtlebot:/home/daopctn/ros2_webots_ws/install/webots_ros2_tiago:/home/daopctn/ros2_webots_ws/install/webots_ros2_tests:/home/daopctn/ros2_webots_ws/install/webots_ros2_tesla:/home/daopctn/ros2_webots_ws/install/webots_ros2_mavic:/home/daopctn/ros2_webots_ws/install/webots_ros2_husarion:/home/daopctn/ros2_webots_ws/install/webots_ros2_epuck:/home/daopctn/ros2_webots_ws/install/webots_ros2_crazyflie:/home/daopctn/ros2_webots_ws/install/webots_ros2_importer:/home/daopctn/nav2_ws_1/install/nav2_simple_commander:/home/daopctn/ros2_ws_1/install/kf_hungarian_tracker:/opt/ros/humble /usr/bin/cmake --build /home/daopctn/real_ws/build/articubot_one -- -j12 -l12
[0.299s] Invoking command in '/home/daopctn/real_ws/build/articubot_one': CMAKE_PREFIX_PATH=${CMAKE_PREFIX_PATH}:/home/daopctn/turtlebot3_ws/install/turtlebot3_teleop:/home/daopctn/turtlebot3_ws/install/turtlebot3_example:/home/daopctn/ros2_webots_ws/install/webots_ros2:/home/daopctn/ros2_webots_ws/install/webots_ros2_universal_robot:/home/daopctn/ros2_webots_ws/install/webots_ros2_turtlebot:/home/daopctn/ros2_webots_ws/install/webots_ros2_tiago:/home/daopctn/ros2_webots_ws/install/webots_ros2_tests:/home/daopctn/ros2_webots_ws/install/webots_ros2_tesla:/home/daopctn/ros2_webots_ws/install/webots_ros2_mavic:/home/daopctn/ros2_webots_ws/install/webots_ros2_husarion:/home/daopctn/ros2_webots_ws/install/webots_ros2_epuck:/home/daopctn/ros2_webots_ws/install/webots_ros2_crazyflie:/home/daopctn/ros2_webots_ws/install/webots_ros2_importer:/home/daopctn/nav2_ws_1/install/nav2_simple_commander:/home/daopctn/ros2_ws_1/install/kf_hungarian_tracker:/opt/ros/humble /usr/bin/cmake --install /home/daopctn/real_ws/build/articubot_one
[0.308s] -- Install configuration: ""
[0.308s] -- Execute custom install script
[0.308s] -- Symlinking: /home/daopctn/real_ws/install/articubot_one/share/articubot_one/config/ball_tracker_params_robot.yaml
[0.325s] -- Symlinking: /home/daopctn/real_ws/install/articubot_one/share/articubot_one/config/ball_tracker_params_sim.yaml
[0.341s] -- Symlinking: /home/daopctn/real_ws/install/articubot_one/share/articubot_one/config/drive_bot.rviz
[0.357s] -- Symlinking: /home/daopctn/real_ws/install/articubot_one/share/articubot_one/config/empty.yaml
[0.370s] -- Symlinking: /home/daopctn/real_ws/install/articubot_one/share/articubot_one/config/gaz_ros2_ctl_use_sim.yaml
[0.380s] -- Symlinking: /home/daopctn/real_ws/install/articubot_one/share/articubot_one/config/gazebo_params.yaml
[0.390s] -- Symlinking: /home/daopctn/real_ws/install/articubot_one/share/articubot_one/config/joystick.yaml
[0.400s] -- Symlinking: /home/daopctn/real_ws/install/articubot_one/share/articubot_one/config/main.rviz
[0.409s] -- Symlinking: /home/daopctn/real_ws/install/articubot_one/share/articubot_one/config/map.rviz
[0.419s] -- Symlinking: /home/daopctn/real_ws/install/articubot_one/share/articubot_one/config/mapper_params_online_async.yaml
[0.427s] -- Symlinking: /home/daopctn/real_ws/install/articubot_one/share/articubot_one/config/my_controllers.yaml
[0.438s] -- Symlinking: /home/daopctn/real_ws/install/articubot_one/share/articubot_one/config/nav2_params.yaml
[0.446s] -- Symlinking: /home/daopctn/real_ws/install/articubot_one/share/articubot_one/config/twist_mux.yaml
[0.457s] -- Symlinking: /home/daopctn/real_ws/install/articubot_one/share/articubot_one/config/view_bot.rviz
[0.468s] -- Symlinking: /home/daopctn/real_ws/install/articubot_one/share/articubot_one/description/camera.xacro
[0.477s] -- Symlinking: /home/daopctn/real_ws/install/articubot_one/share/articubot_one/description/depth_camera.xacro
[0.487s] -- Symlinking: /home/daopctn/real_ws/install/articubot_one/share/articubot_one/description/face.xacro
[0.495s] -- Symlinking: /home/daopctn/real_ws/install/articubot_one/share/articubot_one/description/gazebo_control.xacro
[0.505s] -- Symlinking: /home/daopctn/real_ws/install/articubot_one/share/articubot_one/description/inertial_macros.xacro
[0.513s] -- Symlinking: /home/daopctn/real_ws/install/articubot_one/share/articubot_one/description/lidar.xacro
[0.522s] -- Symlinking: /home/daopctn/real_ws/install/articubot_one/share/articubot_one/description/robot.urdf.xacro
[0.533s] -- Symlinking: /home/daopctn/real_ws/install/articubot_one/share/articubot_one/description/robot_core.xacro
[0.543s] -- Symlinking: /home/daopctn/real_ws/install/articubot_one/share/articubot_one/description/ros2_control.xacro
[0.554s] -- Symlinking: /home/daopctn/real_ws/install/articubot_one/share/articubot_one/launch/ball_tracker.launch.py
[0.562s] -- Symlinking: /home/daopctn/real_ws/install/articubot_one/share/articubot_one/launch/camera.launch.py
[0.572s] -- Symlinking: /home/daopctn/real_ws/install/articubot_one/share/articubot_one/launch/joystick.launch.py
[0.581s] -- Symlinking: /home/daopctn/real_ws/install/articubot_one/share/articubot_one/launch/launch_robot.launch.py
[0.590s] -- Symlinking: /home/daopctn/real_ws/install/articubot_one/share/articubot_one/launch/launch_sim.launch.py
[0.599s] -- Symlinking: /home/daopctn/real_ws/install/articubot_one/share/articubot_one/launch/localization_launch.py
[0.607s] -- Symlinking: /home/daopctn/real_ws/install/articubot_one/share/articubot_one/launch/navigation_launch.py
[0.616s] -- Symlinking: /home/daopctn/real_ws/install/articubot_one/share/articubot_one/launch/online_async_launch.py
[0.625s] -- Symlinking: /home/daopctn/real_ws/install/articubot_one/share/articubot_one/launch/rplidar.launch.py
[0.635s] -- Symlinking: /home/daopctn/real_ws/install/articubot_one/share/articubot_one/launch/rsp.launch.py
[0.644s] -- Symlinking: /home/daopctn/real_ws/install/articubot_one/share/articubot_one/worlds/empty.world
[0.655s] -- Symlinking: /home/daopctn/real_ws/install/articubot_one/share/articubot_one/worlds/obstacles.world
[0.664s] -- Symlinking: /home/daopctn/real_ws/install/articubot_one/share/ament_index/resource_index/package_run_dependencies/articubot_one
[0.674s] -- Symlinking: /home/daopctn/real_ws/install/articubot_one/share/ament_index/resource_index/parent_prefix_path/articubot_one
[0.683s] -- Symlinking: /home/daopctn/real_ws/install/articubot_one/share/articubot_one/environment/ament_prefix_path.sh
[0.692s] -- Symlinking: /home/daopctn/real_ws/install/articubot_one/share/articubot_one/environment/ament_prefix_path.dsv
[0.701s] -- Symlinking: /home/daopctn/real_ws/install/articubot_one/share/articubot_one/environment/path.sh
[0.710s] -- Symlinking: /home/daopctn/real_ws/install/articubot_one/share/articubot_one/environment/path.dsv
[0.720s] -- Symlinking: /home/daopctn/real_ws/install/articubot_one/share/articubot_one/local_setup.bash
[0.728s] -- Symlinking: /home/daopctn/real_ws/install/articubot_one/share/articubot_one/local_setup.sh
[0.739s] -- Symlinking: /home/daopctn/real_ws/install/articubot_one/share/articubot_one/local_setup.zsh
[0.747s] -- Symlinking: /home/daopctn/real_ws/install/articubot_one/share/articubot_one/local_setup.dsv
[0.758s] -- Symlinking: /home/daopctn/real_ws/install/articubot_one/share/articubot_one/package.dsv
[0.767s] -- Symlinking: /home/daopctn/real_ws/install/articubot_one/share/ament_index/resource_index/packages/articubot_one
[0.777s] -- Symlinking: /home/daopctn/real_ws/install/articubot_one/share/articubot_one/cmake/articubot_oneConfig.cmake
[0.786s] -- Symlinking: /home/daopctn/real_ws/install/articubot_one/share/articubot_one/cmake/articubot_oneConfig-version.cmake
[0.795s] -- Symlinking: /home/daopctn/real_ws/install/articubot_one/share/articubot_one/package.xml
[0.806s] Invoked command in '/home/daopctn/real_ws/build/articubot_one' returned '0': CMAKE_PREFIX_PATH=${CMAKE_PREFIX_PATH}:/home/daopctn/turtlebot3_ws/install/turtlebot3_teleop:/home/daopctn/turtlebot3_ws/install/turtlebot3_example:/home/daopctn/ros2_webots_ws/install/webots_ros2:/home/daopctn/ros2_webots_ws/install/webots_ros2_universal_robot:/home/daopctn/ros2_webots_ws/install/webots_ros2_turtlebot:/home/daopctn/ros2_webots_ws/install/webots_ros2_tiago:/home/daopctn/ros2_webots_ws/install/webots_ros2_tests:/home/daopctn/ros2_webots_ws/install/webots_ros2_tesla:/home/daopctn/ros2_webots_ws/install/webots_ros2_mavic:/home/daopctn/ros2_webots_ws/install/webots_ros2_husarion:/home/daopctn/ros2_webots_ws/install/webots_ros2_epuck:/home/daopctn/ros2_webots_ws/install/webots_ros2_crazyflie:/home/daopctn/ros2_webots_ws/install/webots_ros2_importer:/home/daopctn/nav2_ws_1/install/nav2_simple_commander:/home/daopctn/ros2_ws_1/install/kf_hungarian_tracker:/opt/ros/humble /usr/bin/cmake --install /home/daopctn/real_ws/build/articubot_one
